<?xml version="1.0" encoding="UTF-8"?>
<testng-results ignored="0" total="1" passed="1" failed="0" skipped="0">
  <reporter-output>
  </reporter-output>
  <suite started-at="2022-12-08T16:27:26 EST" name="Default suite" finished-at="2022-12-08T16:27:30 EST" duration-ms="3958">
    <groups>
    </groups>
    <test started-at="2022-12-08T16:27:26 EST" name="Default test" finished-at="2022-12-08T16:27:30 EST" duration-ms="3958">
      <class name="project.Goodmorning">
        <test-method is-config="true" signature="setup()[pri:0, instance:project.Goodmorning@4efac082]" started-at="2022-12-08T16:27:26 EST" name="setup" finished-at="2022-12-08T16:27:30 EST" duration-ms="3912" status="PASS">
          <reporter-output>
          </reporter-output>
        </test-method> <!-- setup -->
        <test-method signature="Google()[pri:0, instance:project.Goodmorning@4efac082]" started-at="2022-12-08T16:27:30 EST" name="Google" finished-at="2022-12-08T16:27:30 EST" duration-ms="21" status="PASS">
          <reporter-output>
          </reporter-output>
        </test-method> <!-- Google -->
      </class> <!-- project.Goodmorning -->
    </test> <!-- Default test -->
  </suite> <!-- Default suite -->
</testng-results>
